This file contains any messages produced by compilers while
running configure, to aid debugging if configure makes a mistake.

It was created by r2sbml configure 0.1.0, which was
generated by GNU Autoconf 2.71.  Invocation command line was

  $ ./configure

## --------- ##
## Platform. ##
## --------- ##

hostname = arcadmins-MacBook-Pro.local
uname -m = x86_64
uname -r = 19.6.0
uname -s = Darwin
uname -v = Darwin Kernel Version 19.6.0: Thu May  6 00:48:39 PDT 2021; root:xnu-6153.141.33~1/RELEASE_X86_64

/usr/bin/uname -p = i386
/bin/uname -X     = unknown

/bin/arch              = unknown
/usr/bin/arch -k       = unknown
/usr/convex/getsysinfo = unknown
/usr/bin/hostinfo      = Mach kernel version:
	 Darwin Kernel Version 19.6.0: Thu May  6 00:48:39 PDT 2021; root:xnu-6153.141.33~1/RELEASE_X86_64
Kernel configured for up to 8 processors.
4 processors are physically available.
8 processors are logically available.
Processor type: i486 (Intel 80486)
Processors active: 0 1 2 3 4 5 6 7
Primary memory available: 16.00 gigabytes
Default processor set: 497 tasks, 2407 threads, 8 processors
Load average: 2.75, Mach factor: 5.24
/bin/machine           = unknown
/usr/bin/oslevel       = unknown
/bin/universe          = unknown

PATH: /usr/bin/
PATH: /bin/
PATH: /usr/sbin/
PATH: /sbin/
PATH: /usr/local/bin/
PATH: /Library/TeX/texbin/
PATH: /usr/local/share/dotnet/
PATH: /opt/X11/bin/
PATH: ~/.dotnet/tools/
PATH: /Library/Apple/usr/bin/
PATH: /Library/Frameworks/Mono.framework/Versions/Current/Commands/
PATH: /usr/local/git/bin/
PATH: /Applications/RStudio.app/Contents/MacOS/postback/
PATH: /Applications/RStudio.app/Contents/MacOS/postback/
PATH: /Applications/RStudio.app/Contents/MacOS/postback/
PATH: /Applications/RStudio.app/Contents/MacOS/postback/
PATH: /Applications/RStudio.app/Contents/MacOS/postback/
PATH: /Applications/RStudio.app/Contents/MacOS/postback/
PATH: /Applications/RStudio.app/Contents/MacOS/postback/
PATH: /Applications/RStudio.app/Contents/MacOS/postback/
PATH: /Applications/RStudio.app/Contents/MacOS/postback/
PATH: /Applications/RStudio.app/Contents/MacOS/postback/
PATH: /Applications/RStudio.app/Contents/MacOS/postback/
PATH: /Applications/RStudio.app/Contents/MacOS/postback/
PATH: /Applications/RStudio.app/Contents/MacOS/postback/
PATH: /Applications/RStudio.app/Contents/MacOS/postback/
PATH: /Applications/RStudio.app/Contents/MacOS/postback/
PATH: /Applications/RStudio.app/Contents/MacOS/postback/
PATH: /Applications/RStudio.app/Contents/MacOS/postback/
PATH: /Applications/RStudio.app/Contents/MacOS/postback/
PATH: /Applications/RStudio.app/Contents/MacOS/postback/
PATH: /Applications/RStudio.app/Contents/MacOS/postback/
PATH: /Applications/RStudio.app/Contents/MacOS/postback/
PATH: /Applications/RStudio.app/Contents/MacOS/postback/
PATH: /Applications/RStudio.app/Contents/MacOS/postback/
PATH: /Applications/RStudio.app/Contents/MacOS/postback/


## ----------- ##
## Core tests. ##
## ----------- ##

configure:2184: checking for C++ compiler version
configure:2193: clang++ -mmacosx-version-min=10.13 -std=gnu++14 --version >&5
Apple clang version 12.0.0 (clang-1200.0.32.29)
Target: x86_64-apple-darwin19.6.0
Thread model: posix
InstalledDir: /Applications/Xcode.app/Contents/Developer/Toolchains/XcodeDefault.xctoolchain/usr/bin
configure:2204: $? = 0
configure:2193: clang++ -mmacosx-version-min=10.13 -std=gnu++14 -v >&5
Apple clang version 12.0.0 (clang-1200.0.32.29)
Target: x86_64-apple-darwin19.6.0
Thread model: posix
InstalledDir: /Applications/Xcode.app/Contents/Developer/Toolchains/XcodeDefault.xctoolchain/usr/bin
clang: warning: argument unused during compilation: '-mmacosx-version-min=10.13' [-Wunused-command-line-argument]
clang: warning: argument unused during compilation: '-std=gnu++14' [-Wunused-command-line-argument]
configure:2204: $? = 0
configure:2193: clang++ -mmacosx-version-min=10.13 -std=gnu++14 -V >&5
clang: error: argument to '-V' is missing (expected 1 value)
clang: error: no input files
configure:2204: $? = 1
configure:2193: clang++ -mmacosx-version-min=10.13 -std=gnu++14 -qversion >&5
clang: error: unknown argument '-qversion'; did you mean '--version'?
clang: error: no input files
configure:2204: $? = 1
configure:2224: checking whether the C++ compiler works
configure:2246: clang++ -mmacosx-version-min=10.13 -std=gnu++14 -Wall -g -O2   conftest.cpp  >&5
configure:2250: $? = 0
configure:2300: result: yes
configure:2303: checking for C++ compiler default output file name
configure:2305: result: a.out
configure:2311: checking for suffix of executables
configure:2318: clang++ -mmacosx-version-min=10.13 -std=gnu++14 -o conftest -Wall -g -O2   conftest.cpp  >&5
configure:2322: $? = 0
configure:2345: result: 
configure:2367: checking whether we are cross compiling
configure:2375: clang++ -mmacosx-version-min=10.13 -std=gnu++14 -o conftest -Wall -g -O2   conftest.cpp  >&5
configure:2379: $? = 0
configure:2386: ./conftest
configure:2390: $? = 0
configure:2405: result: no
configure:2410: checking for suffix of object files
configure:2433: clang++ -mmacosx-version-min=10.13 -std=gnu++14 -c -Wall -g -O2  conftest.cpp >&5
configure:2437: $? = 0
configure:2459: result: o
configure:2463: checking whether the compiler supports GNU C++
configure:2483: clang++ -mmacosx-version-min=10.13 -std=gnu++14 -c -Wall -g -O2  conftest.cpp >&5
configure:2483: $? = 0
configure:2493: result: yes
configure:2504: checking whether clang++ -mmacosx-version-min=10.13 -std=gnu++14 accepts -g
configure:2525: clang++ -mmacosx-version-min=10.13 -std=gnu++14 -c -g  conftest.cpp >&5
configure:2525: $? = 0
configure:2569: result: yes
configure:2589: checking for clang++ -mmacosx-version-min=10.13 -std=gnu++14 option to enable C++11 features
configure:2604: clang++ -mmacosx-version-min=10.13 -std=gnu++14  -c -Wall -g -O2  conftest.cpp >&5
conftest.cpp:139:16: warning: unused variable 'a4' [-Wunused-variable]
  decltype(a2) a4 = 34895.034;
               ^
conftest.cpp:132:8: warning: unused variable 'a1' [-Wunused-variable]
  auto a1 = 6538;
       ^
conftest.cpp:143:9: warning: unused variable 'sa' [-Wunused-variable]
  short sa[cxx11test::get_val()] = { 0 };
        ^
conftest.cpp:147:23: warning: unused variable 'il' [-Wunused-variable]
  cxx11test::testinit il = { 4323, 435234.23544 };
                      ^
conftest.cpp:169:8: warning: unused variable 'b' [-Wunused-variable]
  auto b = sum(1, 2);
       ^
conftest.cpp:170:8: warning: unused variable 'c' [-Wunused-variable]
  auto c = sum(1.0, 2.0, 3.0);
       ^
conftest.cpp:168:8: warning: unused variable 'a' [-Wunused-variable]
  auto a = sum(1);
       ^
conftest.cpp:175:25: warning: empty parentheses interpreted as a function declaration [-Wvexing-parse]
  cxx11test::delegate d2();
                        ^~
conftest.cpp:175:25: note: remove parentheses to declare a variable
  cxx11test::delegate d2();
                        ^~
conftest.cpp:184:9: warning: unused variable 'c' [-Wunused-variable]
  char *c = nullptr;
        ^
conftest.cpp:194:19: warning: unused variable 'utf32' [-Wunused-variable]
  char32_t const *utf32 = U"UTF-32 string \u2500";
                  ^
conftest.cpp:193:19: warning: unused variable 'utf16' [-Wunused-variable]
  char16_t const *utf16 = u"UTF-8 string \u2500";
                  ^
conftest.cpp:192:15: warning: unused variable 'utf8' [-Wunused-variable]
  char const *utf8 = u8"UTF-8 string \u2500";
              ^
conftest.cpp:94:9: warning: private field 'i' is not used [-Wunused-private-field]
    int i;
        ^
13 warnings generated.
configure:2604: $? = 0
configure:2622: result: none needed
configure:2692: checking how to run the C++ preprocessor
configure:2714: clang++ -mmacosx-version-min=10.13 -std=gnu++14 -E  conftest.cpp
configure:2714: $? = 0
configure:2729: clang++ -mmacosx-version-min=10.13 -std=gnu++14 -E  conftest.cpp
conftest.cpp:9:10: fatal error: 'ac_nonexistent.h' file not found
#include <ac_nonexistent.h>
         ^~~~~~~~~~~~~~~~~~
1 error generated.
configure:2729: $? = 1
configure: failed program was:
| /* confdefs.h */
| #define PACKAGE_NAME "r2sbml"
| #define PACKAGE_TARNAME "r2sbml"
| #define PACKAGE_VERSION "0.1.0"
| #define PACKAGE_STRING "r2sbml 0.1.0"
| #define PACKAGE_BUGREPORT ""
| #define PACKAGE_URL ""
| /* end confdefs.h.  */
| #include <ac_nonexistent.h>
configure:2756: result: clang++ -mmacosx-version-min=10.13 -std=gnu++14 -E
configure:2770: clang++ -mmacosx-version-min=10.13 -std=gnu++14 -E  conftest.cpp
configure:2770: $? = 0
configure:2785: clang++ -mmacosx-version-min=10.13 -std=gnu++14 -E  conftest.cpp
conftest.cpp:9:10: fatal error: 'ac_nonexistent.h' file not found
#include <ac_nonexistent.h>
         ^~~~~~~~~~~~~~~~~~
1 error generated.
configure:2785: $? = 1
configure: failed program was:
| /* confdefs.h */
| #define PACKAGE_NAME "r2sbml"
| #define PACKAGE_TARNAME "r2sbml"
| #define PACKAGE_VERSION "0.1.0"
| #define PACKAGE_STRING "r2sbml 0.1.0"
| #define PACKAGE_BUGREPORT ""
| #define PACKAGE_URL ""
| /* end confdefs.h.  */
| #include <ac_nonexistent.h>
configure:2939: checking for C++ compiler version
configure:2948: clang++ -mmacosx-version-min=10.13 -std=gnu++14 --version >&5
Apple clang version 12.0.0 (clang-1200.0.32.29)
Target: x86_64-apple-darwin19.6.0
Thread model: posix
InstalledDir: /Applications/Xcode.app/Contents/Developer/Toolchains/XcodeDefault.xctoolchain/usr/bin
configure:2959: $? = 0
configure:2948: clang++ -mmacosx-version-min=10.13 -std=gnu++14 -v >&5
Apple clang version 12.0.0 (clang-1200.0.32.29)
Target: x86_64-apple-darwin19.6.0
Thread model: posix
InstalledDir: /Applications/Xcode.app/Contents/Developer/Toolchains/XcodeDefault.xctoolchain/usr/bin
clang: warning: argument unused during compilation: '-mmacosx-version-min=10.13' [-Wunused-command-line-argument]
clang: warning: argument unused during compilation: '-std=gnu++14' [-Wunused-command-line-argument]
configure:2959: $? = 0
configure:2948: clang++ -mmacosx-version-min=10.13 -std=gnu++14 -V >&5
clang: error: argument to '-V' is missing (expected 1 value)
clang: error: no input files
configure:2959: $? = 1
configure:2948: clang++ -mmacosx-version-min=10.13 -std=gnu++14 -qversion >&5
clang: error: unknown argument '-qversion'; did you mean '--version'?
clang: error: no input files
configure:2959: $? = 1
configure:2963: checking whether the compiler supports GNU C++
configure:2993: result: yes
configure:3004: checking whether clang++ -mmacosx-version-min=10.13 -std=gnu++14 accepts -g
configure:3069: result: yes
configure:3089: checking for clang++ -mmacosx-version-min=10.13 -std=gnu++14 option to enable C++11 features
configure:3122: result: none needed
configure:3191: checking for pkg-config
configure:3212: found /usr/local/bin/pkg-config
configure:3223: result: yes
configure:3408: creating ./config.status

## ---------------------- ##
## Running config.status. ##
## ---------------------- ##

This file was extended by r2sbml config.status 0.1.0, which was
generated by GNU Autoconf 2.71.  Invocation command line was

  CONFIG_FILES    = 
  CONFIG_HEADERS  = 
  CONFIG_LINKS    = 
  CONFIG_COMMANDS = 
  $ ./config.status 

on arcadmins-MacBook-Pro.local

config.status:717: creating src/Makevars

## ---------------- ##
## Cache variables. ##
## ---------------- ##

ac_cv_cxx_compiler_gnu=yes
ac_cv_env_CCC_set=
ac_cv_env_CCC_value=
ac_cv_env_CPPFLAGS_set=
ac_cv_env_CPPFLAGS_value=
ac_cv_env_CXXCPP_set=
ac_cv_env_CXXCPP_value=
ac_cv_env_CXXFLAGS_set=
ac_cv_env_CXXFLAGS_value=
ac_cv_env_CXX_set=
ac_cv_env_CXX_value=
ac_cv_env_LDFLAGS_set=
ac_cv_env_LDFLAGS_value=
ac_cv_env_LIBS_set=
ac_cv_env_LIBS_value=
ac_cv_env_build_alias_set=
ac_cv_env_build_alias_value=
ac_cv_env_host_alias_set=
ac_cv_env_host_alias_value=
ac_cv_env_target_alias_set=
ac_cv_env_target_alias_value=
ac_cv_objext=o
ac_cv_prog_CXXCPP='clang++ -mmacosx-version-min=10.13 -std=gnu++14 -E'
ac_cv_prog_PKGCONFIG=yes
ac_cv_prog_cxx_11=no
ac_cv_prog_cxx_cxx11=
ac_cv_prog_cxx_g=yes
ac_cv_prog_cxx_stdcxx=

## ----------------- ##
## Output variables. ##
## ----------------- ##

CPPFLAGS=''
CXX='clang++ -mmacosx-version-min=10.13 -std=gnu++14'
CXXCPP='clang++ -mmacosx-version-min=10.13 -std=gnu++14 -E'
CXXFLAGS='-Wall -g -O2'
DEFS='-DPACKAGE_NAME=\"r2sbml\" -DPACKAGE_TARNAME=\"r2sbml\" -DPACKAGE_VERSION=\"0.1.0\" -DPACKAGE_STRING=\"r2sbml\ 0.1.0\" -DPACKAGE_BUGREPORT=\"\" -DPACKAGE_URL=\"\"'
ECHO_C='\c'
ECHO_N=''
ECHO_T=''
EXEEXT=''
LDFLAGS=''
LIBOBJS=''
LIBS=''
LTLIBOBJS=''
OBJEXT='o'
PACKAGE_BUGREPORT=''
PACKAGE_NAME='r2sbml'
PACKAGE_STRING='r2sbml 0.1.0'
PACKAGE_TARNAME='r2sbml'
PACKAGE_URL=''
PACKAGE_VERSION='0.1.0'
PATH_SEPARATOR=':'
PKGCONFIG='yes'
SBML_INCLUDE='-I/usr/local/include'
SBML_LIBS='-L/usr/local/lib -lsbml-static -lxml2'
SHELL='/bin/sh'
ac_ct_CXX=''
bindir='${exec_prefix}/bin'
build_alias=''
datadir='${datarootdir}'
datarootdir='${prefix}/share'
docdir='${datarootdir}/doc/${PACKAGE_TARNAME}'
dvidir='${docdir}'
exec_prefix='${prefix}'
host_alias=''
htmldir='${docdir}'
includedir='${prefix}/include'
infodir='${datarootdir}/info'
libdir='${exec_prefix}/lib'
libexecdir='${exec_prefix}/libexec'
localedir='${datarootdir}/locale'
localstatedir='${prefix}/var'
mandir='${datarootdir}/man'
oldincludedir='/usr/include'
pdfdir='${docdir}'
prefix='/usr/local'
program_transform_name='s,x,x,'
psdir='${docdir}'
runstatedir='${localstatedir}/run'
sbindir='${exec_prefix}/sbin'
sharedstatedir='${prefix}/com'
sysconfdir='${prefix}/etc'
target_alias=''

## ----------- ##
## confdefs.h. ##
## ----------- ##

/* confdefs.h */
#define PACKAGE_NAME "r2sbml"
#define PACKAGE_TARNAME "r2sbml"
#define PACKAGE_VERSION "0.1.0"
#define PACKAGE_STRING "r2sbml 0.1.0"
#define PACKAGE_BUGREPORT ""
#define PACKAGE_URL ""

configure: exit 0
